<?xml version="1.0" encoding="UTF-8"?>
<!-- Generated by org.testng.reporters.JUnitReportReporter -->
<testsuite hostname="2R0B4M3" failures="0" tests="10" name="com.qa.opencart.tests.HomePageTests" time="8.108" errors="0" timestamp="2024-07-26T15:58:50 EDT" skipped="0">
  <testcase classname="com.qa.opencart.tests.HomePageTests" name="homePageUrlTest" time="0.001"/>
  <testcase classname="com.qa.opencart.tests.HomePageTests" name="homePageTitleTest" time="0.024"/>
  <testcase classname="com.qa.opencart.tests.HomePageTests" name="searchTest" time="0.582"/>
  <testcase classname="com.qa.opencart.tests.HomePageTests" name="searchTest" time="4.886"/>
  <testcase classname="com.qa.opencart.tests.HomePageTests" name="searchTest" time="0.597"/>
  <testcase classname="com.qa.opencart.tests.HomePageTests" name="homePageTitleTest" time="0.022"/>
  <testcase classname="com.qa.opencart.tests.HomePageTests" name="searchTest" time="0.602"/>
  <testcase classname="com.qa.opencart.tests.HomePageTests" name="homePageUrlTest" time="0.000"/>
  <testcase classname="com.qa.opencart.tests.HomePageTests" name="searchTest" time="0.655"/>
  <testcase classname="com.qa.opencart.tests.HomePageTests" name="searchTest" time="0.739"/>
</testsuite> <!-- com.qa.opencart.tests.HomePageTests -->
