<?xml version="1.0" encoding="UTF-8"?>
<!-- Generated by org.testng.reporters.JUnitReportReporter -->
<testsuite hostname="2R0B4M3" failures="0" tests="3" name="com.qa.opencart.tests.LoginPageTest" time="1.419" errors="0" timestamp="2024-08-01T12:28:19 EDT" skipped="0">
  <testcase classname="com.qa.opencart.tests.LoginPageTest" name="loginPageNavigationTest" time="0.571"/>
  <testcase classname="com.qa.opencart.tests.LoginPageTest" name="forgotPwdLinkExistTest" time="0.039"/>
  <testcase classname="com.qa.opencart.tests.LoginPageTest" name="appLoginTest" time="0.809"/>
</testsuite> <!-- com.qa.opencart.tests.LoginPageTest -->
